[debug] [2026-06-29T14:59:41.778Z] ----------------------------------------------------------------------
[debug] [2026-06-29T14:59:41.801Z] Command:       C:\Program Files\nodejs\node.exe C:\Users\Don\AppData\Roaming\npm\node_modules\firebase-tools\lib\bin\firebase.js deploy --only functions:aiEnhanceShoutOutMedia --project shoutoutdemo-5b402
[debug] [2026-06-29T14:59:41.802Z] CLI Version:   15.22.3
[debug] [2026-06-29T14:59:41.803Z] Platform:      win32
[debug] [2026-06-29T14:59:41.803Z] Node Version:  v24.18.0
[debug] [2026-06-29T14:59:41.803Z] Detected Agent: unknown
[debug] [2026-06-29T14:59:41.803Z] Time:          Mon Jun 29 2026 10:59:41 GMT-0400 (Eastern Daylight Time)
[debug] [2026-06-29T14:59:41.803Z] ----------------------------------------------------------------------
[debug] 
[debug] [2026-06-29T14:59:50.891Z] > command requires scopes: ["email","openid","https://www.googleapis.com/auth/cloudplatformprojects.readonly","https://www.googleapis.com/auth/firebase","https://www.googleapis.com/auth/cloud-platform"]
[debug] [2026-06-29T14:59:50.892Z] > authorizing via signed-in user (bans.don@gmail.com)
[debug] [2026-06-29T14:59:50.892Z] [iam] checking project shoutoutdemo-5b402 for permissions ["cloudfunctions.functions.create","cloudfunctions.functions.delete","cloudfunctions.functions.get","cloudfunctions.functions.list","cloudfunctions.functions.update","cloudfunctions.operations.get","firebase.projects.get"]
[debug] [2026-06-29T14:59:50.898Z] Checked if tokens are valid: true, expires at: 1782747120932
[debug] [2026-06-29T14:59:50.898Z] Checked if tokens are valid: true, expires at: 1782747120932
[debug] [2026-06-29T14:59:50.901Z] >>> [apiv2][query] POST https://cloudresourcemanager.googleapis.com/v1/projects/shoutoutdemo-5b402:testIamPermissions [none]
[debug] [2026-06-29T14:59:50.901Z] >>> [apiv2][(partial)header] POST https://cloudresourcemanager.googleapis.com/v1/projects/shoutoutdemo-5b402:testIamPermissions  x-goog-user-project=shoutoutdemo-5b402
[debug] [2026-06-29T14:59:50.901Z] >>> [apiv2][body] POST https://cloudresourcemanager.googleapis.com/v1/projects/shoutoutdemo-5b402:testIamPermissions {"permissions":["cloudfunctions.functions.create","cloudfunctions.functions.delete","cloudfunctions.functions.get","cloudfunctions.functions.list","cloudfunctions.functions.update","cloudfunctions.operations.get","firebase.projects.get"]}
[debug] [2026-06-29T14:59:52.130Z] <<< [apiv2][status] POST https://cloudresourcemanager.googleapis.com/v1/projects/shoutoutdemo-5b402:testIamPermissions 200
[debug] [2026-06-29T14:59:52.130Z] <<< [apiv2][body] POST https://cloudresourcemanager.googleapis.com/v1/projects/shoutoutdemo-5b402:testIamPermissions {"permissions":["cloudfunctions.functions.create","cloudfunctions.functions.delete","cloudfunctions.functions.get","cloudfunctions.functions.list","cloudfunctions.functions.update","cloudfunctions.operations.get","firebase.projects.get"]}
[debug] [2026-06-29T14:59:52.131Z] Checked if tokens are valid: true, expires at: 1782747120932
[debug] [2026-06-29T14:59:52.131Z] Checked if tokens are valid: true, expires at: 1782747120932
[debug] [2026-06-29T14:59:52.132Z] >>> [apiv2][query] POST https://iam.googleapis.com/v1/projects/shoutoutdemo-5b402/serviceAccounts/shoutoutdemo-5b402@appspot.gserviceaccount.com:testIamPermissions [none]
[debug] [2026-06-29T14:59:52.132Z] >>> [apiv2][body] POST https://iam.googleapis.com/v1/projects/shoutoutdemo-5b402/serviceAccounts/shoutoutdemo-5b402@appspot.gserviceaccount.com:testIamPermissions {"permissions":["iam.serviceAccounts.actAs"]}
[debug] [2026-06-29T14:59:53.121Z] <<< [apiv2][status] POST https://iam.googleapis.com/v1/projects/shoutoutdemo-5b402/serviceAccounts/shoutoutdemo-5b402@appspot.gserviceaccount.com:testIamPermissions 404
[debug] [2026-06-29T14:59:53.121Z] <<< [apiv2][body] POST https://iam.googleapis.com/v1/projects/shoutoutdemo-5b402/serviceAccounts/shoutoutdemo-5b402@appspot.gserviceaccount.com:testIamPermissions {"error":{"code":404,"message":"Unknown service account","status":"NOT_FOUND"}}
[debug] [2026-06-29T14:59:53.124Z] [functions] service account IAM check errored, deploy may fail: Request to https://iam.googleapis.com/v1/projects/shoutoutdemo-5b402/serviceAccounts/shoutoutdemo-5b402@appspot.gserviceaccount.com:testIamPermissions had HTTP Error: 404, Unknown service account {"name":"FirebaseError","children":[],"context":{"body":{"error":{"code":404,"message":"Unknown service account","status":"NOT_FOUND"}},"response":{"statusCode":404}},"exit":1,"message":"Request to https://iam.googleapis.com/v1/projects/shoutoutdemo-5b402/serviceAccounts/shoutoutdemo-5b402@appspot.gserviceaccount.com:testIamPermissions had HTTP Error: 404, Unknown service account","status":404}
[info] 
[info] === Deploying to 'shoutoutdemo-5b402'...
[info] 
[info] i  deploying functions 
[debug] [2026-06-29T14:59:53.161Z] Checked if tokens are valid: true, expires at: 1782747120932
[debug] [2026-06-29T14:59:53.161Z] Checked if tokens are valid: true, expires at: 1782747120932
[debug] [2026-06-29T14:59:53.162Z] >>> [apiv2][query] GET https://cloudresourcemanager.googleapis.com/v1/projects/shoutoutdemo-5b402 [none]
[debug] [2026-06-29T14:59:54.135Z] <<< [apiv2][status] GET https://cloudresourcemanager.googleapis.com/v1/projects/shoutoutdemo-5b402 200
[debug] [2026-06-29T14:59:54.136Z] <<< [apiv2][body] GET https://cloudresourcemanager.googleapis.com/v1/projects/shoutoutdemo-5b402 {"projectNumber":"858205816285","projectId":"shoutoutdemo-5b402","lifecycleState":"ACTIVE","name":"ShoutOutDemo","labels":{"firebase":"enabled","firebase-core":"disabled"},"createTime":"2026-06-04T07:25:30.039Z"}
[info] i  functions: preparing codebase default for deployment 
[info] i  functions: ensuring required API cloudfunctions.googleapis.com is enabled... 
[debug] [2026-06-29T14:59:54.160Z] Checked if tokens are valid: true, expires at: 1782747120932
[debug] [2026-06-29T14:59:54.160Z] Checked if tokens are valid: true, expires at: 1782747120932
[debug] [2026-06-29T14:59:54.165Z] Checked if tokens are valid: true, expires at: 1782747120932
[debug] [2026-06-29T14:59:54.165Z] Checked if tokens are valid: true, expires at: 1782747120932
[info] i  functions: ensuring required API cloudbuild.googleapis.com is enabled... 
[debug] [2026-06-29T14:59:54.172Z] Checked if tokens are valid: true, expires at: 1782747120932
[debug] [2026-06-29T14:59:54.172Z] Checked if tokens are valid: true, expires at: 1782747120932
[info] i  artifactregistry: ensuring required API artifactregistry.googleapis.com is enabled... 
[debug] [2026-06-29T14:59:54.179Z] Checked if tokens are valid: true, expires at: 1782747120932
[debug] [2026-06-29T14:59:54.180Z] Checked if tokens are valid: true, expires at: 1782747120932
[debug] [2026-06-29T14:59:54.181Z] >>> [apiv2][query] GET https://serviceusage.googleapis.com/v1/projects/shoutoutdemo-5b402/services/cloudfunctions.googleapis.com [none]
[debug] [2026-06-29T14:59:54.181Z] >>> [apiv2][(partial)header] GET https://serviceusage.googleapis.com/v1/projects/shoutoutdemo-5b402/services/cloudfunctions.googleapis.com  x-goog-user-project=shoutoutdemo-5b402
[debug] [2026-06-29T14:59:54.190Z] >>> [apiv2][query] GET https://serviceusage.googleapis.com/v1/projects/shoutoutdemo-5b402/services/runtimeconfig.googleapis.com [none]
[debug] [2026-06-29T14:59:54.190Z] >>> [apiv2][(partial)header] GET https://serviceusage.googleapis.com/v1/projects/shoutoutdemo-5b402/services/runtimeconfig.googleapis.com  x-goog-user-project=shoutoutdemo-5b402
[debug] [2026-06-29T14:59:54.197Z] >>> [apiv2][query] GET https://serviceusage.googleapis.com/v1/projects/shoutoutdemo-5b402/services/cloudbuild.googleapis.com [none]
[debug] [2026-06-29T14:59:54.197Z] >>> [apiv2][(partial)header] GET https://serviceusage.googleapis.com/v1/projects/shoutoutdemo-5b402/services/cloudbuild.googleapis.com  x-goog-user-project=shoutoutdemo-5b402
[debug] [2026-06-29T14:59:54.203Z] >>> [apiv2][query] GET https://serviceusage.googleapis.com/v1/projects/shoutoutdemo-5b402/services/artifactregistry.googleapis.com [none]
[debug] [2026-06-29T14:59:54.204Z] >>> [apiv2][(partial)header] GET https://serviceusage.googleapis.com/v1/projects/shoutoutdemo-5b402/services/artifactregistry.googleapis.com  x-goog-user-project=shoutoutdemo-5b402
[debug] [2026-06-29T14:59:54.819Z] <<< [apiv2][status] GET https://serviceusage.googleapis.com/v1/projects/shoutoutdemo-5b402/services/runtimeconfig.googleapis.com 200
[debug] [2026-06-29T14:59:54.820Z] <<< [apiv2][body] GET https://serviceusage.googleapis.com/v1/projects/shoutoutdemo-5b402/services/runtimeconfig.googleapis.com [omitted]
[debug] [2026-06-29T14:59:54.854Z] <<< [apiv2][status] GET https://serviceusage.googleapis.com/v1/projects/shoutoutdemo-5b402/services/cloudbuild.googleapis.com 200
[debug] [2026-06-29T14:59:54.855Z] <<< [apiv2][body] GET https://serviceusage.googleapis.com/v1/projects/shoutoutdemo-5b402/services/cloudbuild.googleapis.com [omitted]
[warn] !  functions: missing required API cloudbuild.googleapis.com. Enabling now... 
[debug] [2026-06-29T14:59:54.860Z] Checked if tokens are valid: true, expires at: 1782747120932
[debug] [2026-06-29T14:59:54.861Z] Checked if tokens are valid: true, expires at: 1782747120932
[debug] [2026-06-29T14:59:54.861Z] >>> [apiv2][query] POST https://serviceusage.googleapis.com/v1/projects/shoutoutdemo-5b402/services/cloudbuild.googleapis.com:enable [none]
[debug] [2026-06-29T14:59:54.862Z] >>> [apiv2][(partial)header] POST https://serviceusage.googleapis.com/v1/projects/shoutoutdemo-5b402/services/cloudbuild.googleapis.com:enable  x-goog-user-project=shoutoutdemo-5b402
[debug] [2026-06-29T14:59:54.870Z] <<< [apiv2][status] GET https://serviceusage.googleapis.com/v1/projects/shoutoutdemo-5b402/services/artifactregistry.googleapis.com 200
[debug] [2026-06-29T14:59:54.871Z] <<< [apiv2][body] GET https://serviceusage.googleapis.com/v1/projects/shoutoutdemo-5b402/services/artifactregistry.googleapis.com [omitted]
[warn] !  artifactregistry: missing required API artifactregistry.googleapis.com. Enabling now... 
[debug] [2026-06-29T14:59:54.872Z] Checked if tokens are valid: true, expires at: 1782747120932
[debug] [2026-06-29T14:59:54.872Z] Checked if tokens are valid: true, expires at: 1782747120932
[debug] [2026-06-29T14:59:54.873Z] >>> [apiv2][query] POST https://serviceusage.googleapis.com/v1/projects/shoutoutdemo-5b402/services/artifactregistry.googleapis.com:enable [none]
[debug] [2026-06-29T14:59:54.873Z] >>> [apiv2][(partial)header] POST https://serviceusage.googleapis.com/v1/projects/shoutoutdemo-5b402/services/artifactregistry.googleapis.com:enable  x-goog-user-project=shoutoutdemo-5b402
[debug] [2026-06-29T14:59:54.891Z] <<< [apiv2][status] GET https://serviceusage.googleapis.com/v1/projects/shoutoutdemo-5b402/services/cloudfunctions.googleapis.com 200
[debug] [2026-06-29T14:59:54.892Z] <<< [apiv2][body] GET https://serviceusage.googleapis.com/v1/projects/shoutoutdemo-5b402/services/cloudfunctions.googleapis.com [omitted]
[warn] !  functions: missing required API cloudfunctions.googleapis.com. Enabling now... 
[debug] [2026-06-29T14:59:54.894Z] Checked if tokens are valid: true, expires at: 1782747120932
[debug] [2026-06-29T14:59:54.894Z] Checked if tokens are valid: true, expires at: 1782747120932
[debug] [2026-06-29T14:59:54.895Z] >>> [apiv2][query] POST https://serviceusage.googleapis.com/v1/projects/shoutoutdemo-5b402/services/cloudfunctions.googleapis.com:enable [none]
[debug] [2026-06-29T14:59:54.895Z] >>> [apiv2][(partial)header] POST https://serviceusage.googleapis.com/v1/projects/shoutoutdemo-5b402/services/cloudfunctions.googleapis.com:enable  x-goog-user-project=shoutoutdemo-5b402
[debug] [2026-06-29T14:59:55.814Z] <<< [apiv2][status] POST https://serviceusage.googleapis.com/v1/projects/shoutoutdemo-5b402/services/cloudfunctions.googleapis.com:enable 200
[debug] [2026-06-29T14:59:55.815Z] <<< [apiv2][body] POST https://serviceusage.googleapis.com/v1/projects/shoutoutdemo-5b402/services/cloudfunctions.googleapis.com:enable [omitted]
[debug] [2026-06-29T14:59:55.862Z] <<< [apiv2][status] POST https://serviceusage.googleapis.com/v1/projects/shoutoutdemo-5b402/services/artifactregistry.googleapis.com:enable 200
[debug] [2026-06-29T14:59:55.863Z] <<< [apiv2][body] POST https://serviceusage.googleapis.com/v1/projects/shoutoutdemo-5b402/services/artifactregistry.googleapis.com:enable [omitted]
[debug] [2026-06-29T14:59:55.889Z] <<< [apiv2][status] POST https://serviceusage.googleapis.com/v1/projects/shoutoutdemo-5b402/services/cloudbuild.googleapis.com:enable 200
[debug] [2026-06-29T14:59:55.889Z] <<< [apiv2][body] POST https://serviceusage.googleapis.com/v1/projects/shoutoutdemo-5b402/services/cloudbuild.googleapis.com:enable [omitted]
[debug] [2026-06-29T15:00:05.921Z] Checked if tokens are valid: true, expires at: 1782747120932
[debug] [2026-06-29T15:00:05.922Z] Checked if tokens are valid: true, expires at: 1782747120932
[debug] [2026-06-29T15:00:05.922Z] >>> [apiv2][query] GET https://firebase.googleapis.com/v1beta1/projects/shoutoutdemo-5b402/adminSdkConfig [none]
[debug] [2026-06-29T15:00:07.171Z] <<< [apiv2][status] GET https://firebase.googleapis.com/v1beta1/projects/shoutoutdemo-5b402/adminSdkConfig 200
[debug] [2026-06-29T15:00:07.171Z] <<< [apiv2][body] GET https://firebase.googleapis.com/v1beta1/projects/shoutoutdemo-5b402/adminSdkConfig {"projectId":"shoutoutdemo-5b402","storageBucket":"shoutoutdemo-5b402.firebasestorage.app"}
[debug] [2026-06-29T15:00:07.172Z] Checked if tokens are valid: true, expires at: 1782747120932
[debug] [2026-06-29T15:00:07.172Z] Checked if tokens are valid: true, expires at: 1782747120932
[debug] [2026-06-29T15:00:07.173Z] >>> [apiv2][query] GET https://runtimeconfig.googleapis.com/v1beta1/projects/shoutoutdemo-5b402/configs [none]
[debug] [2026-06-29T15:00:07.823Z] <<< [apiv2][status] GET https://runtimeconfig.googleapis.com/v1beta1/projects/shoutoutdemo-5b402/configs 200
[debug] [2026-06-29T15:00:07.824Z] <<< [apiv2][body] GET https://runtimeconfig.googleapis.com/v1beta1/projects/shoutoutdemo-5b402/configs {}
[debug] [2026-06-29T15:00:07.852Z] Validating nodejs source
[warn] !  functions: Runtime Node.js 20 was deprecated on 2026-04-30 and will be decommissioned on 2026-10-30, after which you will not be able to deploy without upgrading. Consider upgrading now to avoid disruption. See https://cloud.google.com/functions/docs/runtime-support for full details on the lifecycle policy 
[warn] !  functions: Couldn't find firebase-functions package in your source code. Have you run 'npm install'? 
[debug] [2026-06-29T15:00:07.865Z] getFunctionsSDKVersion encountered error: Cannot find module 'firebase-functions'
Require stack:
- C:\Users\Don\AppData\Roaming\npm\node_modules\firebase-tools\lib\deploy\functions\runtimes\node\versioning.js
- C:\Users\Don\AppData\Roaming\npm\node_modules\firebase-tools\lib\deploy\functions\runtimes\node\index.js
- C:\Users\Don\AppData\Roaming\npm\node_modules\firebase-tools\lib\deploy\functions\runtimes\index.js
- C:\Users\Don\AppData\Roaming\npm\node_modules\firebase-tools\lib\deploy\functions\prepare.js
- C:\Users\Don\AppData\Roaming\npm\node_modules\firebase-tools\lib\emulator\functionsEmulatorShared.js
- C:\Users\Don\AppData\Roaming\npm\node_modules\firebase-tools\lib\frameworks\index.js
- C:\Users\Don\AppData\Roaming\npm\node_modules\firebase-tools\lib\deploy\hosting\prepare.js
- C:\Users\Don\AppData\Roaming\npm\node_modules\firebase-tools\lib\deploy\hosting\index.js
- C:\Users\Don\AppData\Roaming\npm\node_modules\firebase-tools\lib\deploy\index.js
- C:\Users\Don\AppData\Roaming\npm\node_modules\firebase-tools\lib\commands\deploy.js
- C:\Users\Don\AppData\Roaming\npm\node_modules\firebase-tools\lib\commands\index.js
- C:\Users\Don\AppData\Roaming\npm\node_modules\firebase-tools\lib\index.js
- C:\Users\Don\AppData\Roaming\npm\node_modules\firebase-tools\lib\bin\cli.js
- C:\Users\Don\AppData\Roaming\npm\node_modules\firebase-tools\lib\bin\firebase.js {"code":"MODULE_NOT_FOUND","requireStack":["C:\\Users\\Don\\AppData\\Roaming\\npm\\node_modules\\firebase-tools\\lib\\deploy\\functions\\runtimes\\node\\versioning.js","C:\\Users\\Don\\AppData\\Roaming\\npm\\node_modules\\firebase-tools\\lib\\deploy\\functions\\runtimes\\node\\index.js","C:\\Users\\Don\\AppData\\Roaming\\npm\\node_modules\\firebase-tools\\lib\\deploy\\functions\\runtimes\\index.js","C:\\Users\\Don\\AppData\\Roaming\\npm\\node_modules\\firebase-tools\\lib\\deploy\\functions\\prepare.js","C:\\Users\\Don\\AppData\\Roaming\\npm\\node_modules\\firebase-tools\\lib\\emulator\\functionsEmulatorShared.js","C:\\Users\\Don\\AppData\\Roaming\\npm\\node_modules\\firebase-tools\\lib\\frameworks\\index.js","C:\\Users\\Don\\AppData\\Roaming\\npm\\node_modules\\firebase-tools\\lib\\deploy\\hosting\\prepare.js","C:\\Users\\Don\\AppData\\Roaming\\npm\\node_modules\\firebase-tools\\lib\\deploy\\hosting\\index.js","C:\\Users\\Don\\AppData\\Roaming\\npm\\node_modules\\firebase-tools\\lib\\deploy\\index.js","C:\\Users\\Don\\AppData\\Roaming\\npm\\node_modules\\firebase-tools\\lib\\commands\\deploy.js","C:\\Users\\Don\\AppData\\Roaming\\npm\\node_modules\\firebase-tools\\lib\\commands\\index.js","C:\\Users\\Don\\AppData\\Roaming\\npm\\node_modules\\firebase-tools\\lib\\index.js","C:\\Users\\Don\\AppData\\Roaming\\npm\\node_modules\\firebase-tools\\lib\\bin\\cli.js","C:\\Users\\Don\\AppData\\Roaming\\npm\\node_modules\\firebase-tools\\lib\\bin\\firebase.js"]}
[debug] [2026-06-29T15:00:07.876Z] checkFunctionsSDKVersion encountered error: Invalid Version:  {}
[debug] [2026-06-29T15:00:07.882Z] > [functions] package.json contents: {
  "name": "floqr-ai-functions",
  "version": "28.74.0",
  "private": true,
  "main": "index.js",
  "engines": {
    "node": "20"
  },
  "dependencies": {
    "firebase-admin": "^12.7.0",
    "firebase-functions": "^5.1.1"
  }
}
[debug] [2026-06-29T15:00:07.885Z] Building nodejs source
[info] i  functions: Loading and analyzing source code for codebase default to determine what to deploy 
[debug] [2026-06-29T15:00:07.889Z] Could not parse firebase-functions version '' into semver.
[debug] [2026-06-29T15:00:07.894Z] Could not find functions.yaml. Must use http discovery
[debug] [2026-06-29T15:00:07.927Z] Error: Cannot find module 'firebase-functions'
Require stack:
- C:\Users\Don\AppData\Roaming\npm\node_modules\firebase-tools\lib\deploy\functions\runtimes\node\index.js
- C:\Users\Don\AppData\Roaming\npm\node_modules\firebase-tools\lib\deploy\functions\runtimes\index.js
- C:\Users\Don\AppData\Roaming\npm\node_modules\firebase-tools\lib\deploy\functions\prepare.js
- C:\Users\Don\AppData\Roaming\npm\node_modules\firebase-tools\lib\emulator\functionsEmulatorShared.js
- C:\Users\Don\AppData\Roaming\npm\node_modules\firebase-tools\lib\frameworks\index.js
- C:\Users\Don\AppData\Roaming\npm\node_modules\firebase-tools\lib\deploy\hosting\prepare.js
- C:\Users\Don\AppData\Roaming\npm\node_modules\firebase-tools\lib\deploy\hosting\index.js
- C:\Users\Don\AppData\Roaming\npm\node_modules\firebase-tools\lib\deploy\index.js
- C:\Users\Don\AppData\Roaming\npm\node_modules\firebase-tools\lib\commands\deploy.js
- C:\Users\Don\AppData\Roaming\npm\node_modules\firebase-tools\lib\commands\index.js
- C:\Users\Don\AppData\Roaming\npm\node_modules\firebase-tools\lib\index.js
- C:\Users\Don\AppData\Roaming\npm\node_modules\firebase-tools\lib\bin\cli.js
- C:\Users\Don\AppData\Roaming\npm\node_modules\firebase-tools\lib\bin\firebase.js
    at Module._resolveFilename (node:internal/modules/cjs/loader:1517:15)
    at wrapResolveFilename (node:internal/modules/cjs/loader:1071:27)
    at resolveForCJSWithHooks (node:internal/modules/cjs/loader:1122:12)
    at require.resolve (node:internal/modules/helpers:171:31)
    at Delegate.findFunctionsBinary (C:\Users\Don\AppData\Roaming\npm\node_modules\firebase-tools\lib\deploy\functions\runtimes\node\index.js:101:33)
    at Delegate.spawnFunctionsProcess (C:\Users\Don\AppData\Roaming\npm\node_modules\firebase-tools\lib\deploy\functions\runtimes\node\index.js:131:30)
    at Delegate.serveAdmin (C:\Users\Don\AppData\Roaming\npm\node_modules\firebase-tools\lib\deploy\functions\runtimes\node\index.js:152:35)
    at Delegate.discoverBuild (C:\Users\Don\AppData\Roaming\npm\node_modules\firebase-tools\lib\deploy\functions\runtimes\node\index.js:192:41)
    at process.processTicksAndRejections (node:internal/process/task_queues:104:5)
    at async loadCodebases (C:\Users\Don\AppData\Roaming\npm\node_modules\firebase-tools\lib\deploy\functions\prepare.js:393:33)
[error] 
[error] Error: An unexpected error has occurred.
[debug] [2026-06-29T15:00:35.607Z] ----------------------------------------------------------------------
[debug] [2026-06-29T15:00:35.610Z] Command:       C:\Program Files\nodejs\node.exe C:\Users\Don\AppData\Roaming\npm\node_modules\firebase-tools\lib\bin\firebase.js deploy --only functions:aiEnhanceShoutOutMedia --project shoutoutdemo-5b402
[debug] [2026-06-29T15:00:35.610Z] CLI Version:   15.22.3
[debug] [2026-06-29T15:00:35.610Z] Platform:      win32
[debug] [2026-06-29T15:00:35.611Z] Node Version:  v24.18.0
[debug] [2026-06-29T15:00:35.611Z] Detected Agent: unknown
[debug] [2026-06-29T15:00:35.611Z] Time:          Mon Jun 29 2026 11:00:35 GMT-0400 (Eastern Daylight Time)
[debug] [2026-06-29T15:00:35.611Z] ----------------------------------------------------------------------
[debug] 
[debug] [2026-06-29T15:00:39.135Z] > command requires scopes: ["email","openid","https://www.googleapis.com/auth/cloudplatformprojects.readonly","https://www.googleapis.com/auth/firebase","https://www.googleapis.com/auth/cloud-platform"]
[debug] [2026-06-29T15:00:39.135Z] > authorizing via signed-in user (bans.don@gmail.com)
[debug] [2026-06-29T15:00:39.135Z] [iam] checking project shoutoutdemo-5b402 for permissions ["cloudfunctions.functions.create","cloudfunctions.functions.delete","cloudfunctions.functions.get","cloudfunctions.functions.list","cloudfunctions.functions.update","cloudfunctions.operations.get","firebase.projects.get"]
[debug] [2026-06-29T15:00:39.139Z] Checked if tokens are valid: true, expires at: 1782747120932
[debug] [2026-06-29T15:00:39.139Z] Checked if tokens are valid: true, expires at: 1782747120932
[debug] [2026-06-29T15:00:39.141Z] >>> [apiv2][query] POST https://cloudresourcemanager.googleapis.com/v1/projects/shoutoutdemo-5b402:testIamPermissions [none]
[debug] [2026-06-29T15:00:39.141Z] >>> [apiv2][(partial)header] POST https://cloudresourcemanager.googleapis.com/v1/projects/shoutoutdemo-5b402:testIamPermissions  x-goog-user-project=shoutoutdemo-5b402
[debug] [2026-06-29T15:00:39.141Z] >>> [apiv2][body] POST https://cloudresourcemanager.googleapis.com/v1/projects/shoutoutdemo-5b402:testIamPermissions {"permissions":["cloudfunctions.functions.create","cloudfunctions.functions.delete","cloudfunctions.functions.get","cloudfunctions.functions.list","cloudfunctions.functions.update","cloudfunctions.operations.get","firebase.projects.get"]}
[debug] [2026-06-29T15:00:40.276Z] <<< [apiv2][status] POST https://cloudresourcemanager.googleapis.com/v1/projects/shoutoutdemo-5b402:testIamPermissions 200
[debug] [2026-06-29T15:00:40.276Z] <<< [apiv2][body] POST https://cloudresourcemanager.googleapis.com/v1/projects/shoutoutdemo-5b402:testIamPermissions {"permissions":["cloudfunctions.functions.create","cloudfunctions.functions.delete","cloudfunctions.functions.get","cloudfunctions.functions.list","cloudfunctions.functions.update","cloudfunctions.operations.get","firebase.projects.get"]}
[debug] [2026-06-29T15:00:40.277Z] Checked if tokens are valid: true, expires at: 1782747120932
[debug] [2026-06-29T15:00:40.277Z] Checked if tokens are valid: true, expires at: 1782747120932
[debug] [2026-06-29T15:00:40.277Z] >>> [apiv2][query] POST https://iam.googleapis.com/v1/projects/shoutoutdemo-5b402/serviceAccounts/shoutoutdemo-5b402@appspot.gserviceaccount.com:testIamPermissions [none]
[debug] [2026-06-29T15:00:40.277Z] >>> [apiv2][body] POST https://iam.googleapis.com/v1/projects/shoutoutdemo-5b402/serviceAccounts/shoutoutdemo-5b402@appspot.gserviceaccount.com:testIamPermissions {"permissions":["iam.serviceAccounts.actAs"]}
[debug] [2026-06-29T15:00:41.298Z] <<< [apiv2][status] POST https://iam.googleapis.com/v1/projects/shoutoutdemo-5b402/serviceAccounts/shoutoutdemo-5b402@appspot.gserviceaccount.com:testIamPermissions 200
[debug] [2026-06-29T15:00:41.299Z] <<< [apiv2][body] POST https://iam.googleapis.com/v1/projects/shoutoutdemo-5b402/serviceAccounts/shoutoutdemo-5b402@appspot.gserviceaccount.com:testIamPermissions {"permissions":["iam.serviceAccounts.actAs"]}
[info] 
[info] === Deploying to 'shoutoutdemo-5b402'...
[info] 
[info] i  deploying functions 
[debug] [2026-06-29T15:00:41.311Z] Checked if tokens are valid: true, expires at: 1782747120932
[debug] [2026-06-29T15:00:41.312Z] Checked if tokens are valid: true, expires at: 1782747120932
[debug] [2026-06-29T15:00:41.312Z] >>> [apiv2][query] GET https://cloudresourcemanager.googleapis.com/v1/projects/shoutoutdemo-5b402 [none]
[debug] [2026-06-29T15:00:42.304Z] <<< [apiv2][status] GET https://cloudresourcemanager.googleapis.com/v1/projects/shoutoutdemo-5b402 200
[debug] [2026-06-29T15:00:42.304Z] <<< [apiv2][body] GET https://cloudresourcemanager.googleapis.com/v1/projects/shoutoutdemo-5b402 {"projectNumber":"858205816285","projectId":"shoutoutdemo-5b402","lifecycleState":"ACTIVE","name":"ShoutOutDemo","labels":{"firebase":"enabled","firebase-core":"disabled"},"createTime":"2026-06-04T07:25:30.039Z"}
[info] i  functions: preparing codebase default for deployment 
[info] i  functions: ensuring required API cloudfunctions.googleapis.com is enabled... 
[info] i  functions: ensuring required API cloudbuild.googleapis.com is enabled... 
[info] i  artifactregistry: ensuring required API artifactregistry.googleapis.com is enabled... 
[debug] [2026-06-29T15:00:42.333Z] Checked if tokens are valid: true, expires at: 1782747120932
[debug] [2026-06-29T15:00:42.334Z] Checked if tokens are valid: true, expires at: 1782747120932
[debug] [2026-06-29T15:00:42.334Z] >>> [apiv2][query] GET https://firebase.googleapis.com/v1beta1/projects/shoutoutdemo-5b402/adminSdkConfig [none]
[debug] [2026-06-29T15:00:43.306Z] <<< [apiv2][status] GET https://firebase.googleapis.com/v1beta1/projects/shoutoutdemo-5b402/adminSdkConfig 200
[debug] [2026-06-29T15:00:43.306Z] <<< [apiv2][body] GET https://firebase.googleapis.com/v1beta1/projects/shoutoutdemo-5b402/adminSdkConfig {"projectId":"shoutoutdemo-5b402","storageBucket":"shoutoutdemo-5b402.firebasestorage.app"}
[debug] [2026-06-29T15:00:43.307Z] Checked if tokens are valid: true, expires at: 1782747120932
[debug] [2026-06-29T15:00:43.307Z] Checked if tokens are valid: true, expires at: 1782747120932
[debug] [2026-06-29T15:00:43.307Z] >>> [apiv2][query] GET https://runtimeconfig.googleapis.com/v1beta1/projects/shoutoutdemo-5b402/configs [none]
[debug] [2026-06-29T15:00:43.422Z] <<< [apiv2][status] GET https://runtimeconfig.googleapis.com/v1beta1/projects/shoutoutdemo-5b402/configs 200
[debug] [2026-06-29T15:00:43.422Z] <<< [apiv2][body] GET https://runtimeconfig.googleapis.com/v1beta1/projects/shoutoutdemo-5b402/configs {}
[debug] [2026-06-29T15:00:43.429Z] Validating nodejs source
[warn] !  functions: Runtime Node.js 20 was deprecated on 2026-04-30 and will be decommissioned on 2026-10-30, after which you will not be able to deploy without upgrading. Consider upgrading now to avoid disruption. See https://cloud.google.com/functions/docs/runtime-support for full details on the lifecycle policy 
[warn] !  functions: Couldn't find firebase-functions package in your source code. Have you run 'npm install'? 
[debug] [2026-06-29T15:00:43.440Z] getFunctionsSDKVersion encountered error: Cannot find module 'firebase-functions'
Require stack:
- C:\Users\Don\AppData\Roaming\npm\node_modules\firebase-tools\lib\deploy\functions\runtimes\node\versioning.js
- C:\Users\Don\AppData\Roaming\npm\node_modules\firebase-tools\lib\deploy\functions\runtimes\node\index.js
- C:\Users\Don\AppData\Roaming\npm\node_modules\firebase-tools\lib\deploy\functions\runtimes\index.js
- C:\Users\Don\AppData\Roaming\npm\node_modules\firebase-tools\lib\deploy\functions\prepare.js
- C:\Users\Don\AppData\Roaming\npm\node_modules\firebase-tools\lib\emulator\functionsEmulatorShared.js
- C:\Users\Don\AppData\Roaming\npm\node_modules\firebase-tools\lib\frameworks\index.js
- C:\Users\Don\AppData\Roaming\npm\node_modules\firebase-tools\lib\deploy\hosting\prepare.js
- C:\Users\Don\AppData\Roaming\npm\node_modules\firebase-tools\lib\deploy\hosting\index.js
- C:\Users\Don\AppData\Roaming\npm\node_modules\firebase-tools\lib\deploy\index.js
- C:\Users\Don\AppData\Roaming\npm\node_modules\firebase-tools\lib\commands\deploy.js
- C:\Users\Don\AppData\Roaming\npm\node_modules\firebase-tools\lib\commands\index.js
- C:\Users\Don\AppData\Roaming\npm\node_modules\firebase-tools\lib\index.js
- C:\Users\Don\AppData\Roaming\npm\node_modules\firebase-tools\lib\bin\cli.js
- C:\Users\Don\AppData\Roaming\npm\node_modules\firebase-tools\lib\bin\firebase.js {"code":"MODULE_NOT_FOUND","requireStack":["C:\\Users\\Don\\AppData\\Roaming\\npm\\node_modules\\firebase-tools\\lib\\deploy\\functions\\runtimes\\node\\versioning.js","C:\\Users\\Don\\AppData\\Roaming\\npm\\node_modules\\firebase-tools\\lib\\deploy\\functions\\runtimes\\node\\index.js","C:\\Users\\Don\\AppData\\Roaming\\npm\\node_modules\\firebase-tools\\lib\\deploy\\functions\\runtimes\\index.js","C:\\Users\\Don\\AppData\\Roaming\\npm\\node_modules\\firebase-tools\\lib\\deploy\\functions\\prepare.js","C:\\Users\\Don\\AppData\\Roaming\\npm\\node_modules\\firebase-tools\\lib\\emulator\\functionsEmulatorShared.js","C:\\Users\\Don\\AppData\\Roaming\\npm\\node_modules\\firebase-tools\\lib\\frameworks\\index.js","C:\\Users\\Don\\AppData\\Roaming\\npm\\node_modules\\firebase-tools\\lib\\deploy\\hosting\\prepare.js","C:\\Users\\Don\\AppData\\Roaming\\npm\\node_modules\\firebase-tools\\lib\\deploy\\hosting\\index.js","C:\\Users\\Don\\AppData\\Roaming\\npm\\node_modules\\firebase-tools\\lib\\deploy\\index.js","C:\\Users\\Don\\AppData\\Roaming\\npm\\node_modules\\firebase-tools\\lib\\commands\\deploy.js","C:\\Users\\Don\\AppData\\Roaming\\npm\\node_modules\\firebase-tools\\lib\\commands\\index.js","C:\\Users\\Don\\AppData\\Roaming\\npm\\node_modules\\firebase-tools\\lib\\index.js","C:\\Users\\Don\\AppData\\Roaming\\npm\\node_modules\\firebase-tools\\lib\\bin\\cli.js","C:\\Users\\Don\\AppData\\Roaming\\npm\\node_modules\\firebase-tools\\lib\\bin\\firebase.js"]}
[debug] [2026-06-29T15:00:43.443Z] checkFunctionsSDKVersion encountered error: Invalid Version:  {}
[debug] [2026-06-29T15:00:43.445Z] > [functions] package.json contents: {
  "name": "floqr-ai-functions",
  "version": "28.74.0",
  "private": true,
  "main": "index.js",
  "engines": {
    "node": "20"
  },
  "dependencies": {
    "firebase-admin": "^12.7.0",
    "firebase-functions": "^5.1.1"
  }
}
[debug] [2026-06-29T15:00:43.446Z] Building nodejs source
[info] i  functions: Loading and analyzing source code for codebase default to determine what to deploy 
[debug] [2026-06-29T15:00:43.448Z] Could not parse firebase-functions version '' into semver.
[debug] [2026-06-29T15:00:43.451Z] Could not find functions.yaml. Must use http discovery
[debug] [2026-06-29T15:00:43.487Z] Error: Cannot find module 'firebase-functions'
Require stack:
- C:\Users\Don\AppData\Roaming\npm\node_modules\firebase-tools\lib\deploy\functions\runtimes\node\index.js
- C:\Users\Don\AppData\Roaming\npm\node_modules\firebase-tools\lib\deploy\functions\runtimes\index.js
- C:\Users\Don\AppData\Roaming\npm\node_modules\firebase-tools\lib\deploy\functions\prepare.js
- C:\Users\Don\AppData\Roaming\npm\node_modules\firebase-tools\lib\emulator\functionsEmulatorShared.js
- C:\Users\Don\AppData\Roaming\npm\node_modules\firebase-tools\lib\frameworks\index.js
- C:\Users\Don\AppData\Roaming\npm\node_modules\firebase-tools\lib\deploy\hosting\prepare.js
- C:\Users\Don\AppData\Roaming\npm\node_modules\firebase-tools\lib\deploy\hosting\index.js
- C:\Users\Don\AppData\Roaming\npm\node_modules\firebase-tools\lib\deploy\index.js
- C:\Users\Don\AppData\Roaming\npm\node_modules\firebase-tools\lib\commands\deploy.js
- C:\Users\Don\AppData\Roaming\npm\node_modules\firebase-tools\lib\commands\index.js
- C:\Users\Don\AppData\Roaming\npm\node_modules\firebase-tools\lib\index.js
- C:\Users\Don\AppData\Roaming\npm\node_modules\firebase-tools\lib\bin\cli.js
- C:\Users\Don\AppData\Roaming\npm\node_modules\firebase-tools\lib\bin\firebase.js
    at Module._resolveFilename (node:internal/modules/cjs/loader:1517:15)
    at wrapResolveFilename (node:internal/modules/cjs/loader:1071:27)
    at resolveForCJSWithHooks (node:internal/modules/cjs/loader:1122:12)
    at require.resolve (node:internal/modules/helpers:171:31)
    at Delegate.findFunctionsBinary (C:\Users\Don\AppData\Roaming\npm\node_modules\firebase-tools\lib\deploy\functions\runtimes\node\index.js:101:33)
    at Delegate.spawnFunctionsProcess (C:\Users\Don\AppData\Roaming\npm\node_modules\firebase-tools\lib\deploy\functions\runtimes\node\index.js:131:30)
    at Delegate.serveAdmin (C:\Users\Don\AppData\Roaming\npm\node_modules\firebase-tools\lib\deploy\functions\runtimes\node\index.js:152:35)
    at Delegate.discoverBuild (C:\Users\Don\AppData\Roaming\npm\node_modules\firebase-tools\lib\deploy\functions\runtimes\node\index.js:192:41)
    at process.processTicksAndRejections (node:internal/process/task_queues:104:5)
    at async loadCodebases (C:\Users\Don\AppData\Roaming\npm\node_modules\firebase-tools\lib\deploy\functions\prepare.js:393:33)
[error] 
[error] Error: An unexpected error has occurred.
